<?xml version="1.0" encoding="utf-8"?><testsuites name="pytest tests"><testsuite name="pytest" errors="0" failures="1" skipped="0" tests="9" time="2.255" timestamp="2026-01-04T06:17:52.480538+00:00" hostname="agent-env-3e77eeec-f03a-4257-85d9-2b099b459de0"><testcase classname="tests.test_checkout_api.TestHealthCheck" name="test_api_root" time="0.054" /><testcase classname="tests.test_checkout_api.TestCheckoutAPI" name="test_checkout_with_valid_cart" time="0.535" /><testcase classname="tests.test_checkout_api.TestCheckoutAPI" name="test_checkout_with_multiple_items" time="0.448" /><testcase classname="tests.test_checkout_api.TestCheckoutAPI" name="test_checkout_with_empty_cart" time="0.043" /><testcase classname="tests.test_checkout_api.TestCheckoutAPI" name="test_checkout_with_invalid_item_format" time="0.035" /><testcase classname="tests.test_checkout_api.TestCheckoutAPI" name="test_checkout_missing_origin_url" time="0.034" /><testcase classname="tests.test_checkout_api.TestCheckoutStatusAPI" name="test_checkout_status_with_valid_session" time="0.737" /><testcase classname="tests.test_checkout_api.TestCheckoutStatusAPI" name="test_checkout_status_with_invalid_session" time="0.243"><failure message="AssertionError: Expected 500 for invalid session, got 520&#10;assert 520 == 500&#10; +  where 520 = &lt;Response [520]&gt;.status_code">tests/test_checkout_api.py:208: in test_checkout_status_with_invalid_session
    assert response.status_code == 500, f"Expected 500 for invalid session, got {response.status_code}"
E   AssertionError: Expected 500 for invalid session, got 520
E   assert 520 == 500
E    +  where 520 = &lt;Response [520]&gt;.status_code</failure></testcase><testcase classname="tests.test_checkout_api.TestOrdersAPI" name="test_get_orders" time="0.041" /></testsuite></testsuites>