<?xml version="1.0" encoding="utf-8"?><testsuites name="pytest tests"><testsuite name="pytest" errors="0" failures="0" skipped="0" tests="9" time="2.098" timestamp="2026-01-04T06:19:16.351918+00:00" hostname="agent-env-3e77eeec-f03a-4257-85d9-2b099b459de0"><testcase classname="tests.test_checkout_api.TestHealthCheck" name="test_api_root" time="0.063" /><testcase classname="tests.test_checkout_api.TestCheckoutAPI" name="test_checkout_with_valid_cart" time="0.418" /><testcase classname="tests.test_checkout_api.TestCheckoutAPI" name="test_checkout_with_multiple_items" time="0.415" /><testcase classname="tests.test_checkout_api.TestCheckoutAPI" name="test_checkout_with_empty_cart" time="0.035" /><testcase classname="tests.test_checkout_api.TestCheckoutAPI" name="test_checkout_with_invalid_item_format" time="0.035" /><testcase classname="tests.test_checkout_api.TestCheckoutAPI" name="test_checkout_missing_origin_url" time="0.038" /><testcase classname="tests.test_checkout_api.TestCheckoutStatusAPI" name="test_checkout_status_with_valid_session" time="0.790" /><testcase classname="tests.test_checkout_api.TestCheckoutStatusAPI" name="test_checkout_status_with_invalid_session" time="0.203" /><testcase classname="tests.test_checkout_api.TestOrdersAPI" name="test_get_orders" time="0.035" /></testsuite></testsuites>